[17Feb2025 00:01:35.867] [Server thread/INFO] [net.minecraft.server.MinecraftServer/]: MazeHero547 has made the advancement [This is my Boomstick]
[17Feb2025 00:01:55.949] [Server thread/INFO] [net.minecraft.server.MinecraftServer/]: PhantomThief1210 has made the advancement [Hans Moleman]
[17Feb2025 00:02:42.528] [Server thread/INFO] [net.minecraft.server.network.ServerGamePacketListenerImpl/]: PhantomThief1210 lost connection: Disconnected
[17Feb2025 00:02:42.529] [Server thread/INFO] [net.minecraft.server.MinecraftServer/]: PhantomThief1210 left the game
[17Feb2025 00:05:08.104] [Server thread/INFO] [net.minecraft.server.players.PlayerList/]: PhantomThief1210[/127.104.197.33:48695] logged in with entity id 13514 at (21.992972844685077, 95.0, 25.47213601716985)
[17Feb2025 00:05:08.126] [Server thread/INFO] [net.minecraft.server.MinecraftServer/]: PhantomThief1210 joined the game
[17Feb2025 00:05:08.306] [Server thread/INFO] [Jade/]: Syncing config to PhantomThief1210 (b7338506-28d6-390e-bb09-dd87e5141cfd)
[17Feb2025 00:06:04.175] [Server thread/INFO] [net.minecraft.server.MinecraftServer/]: MazeHero547 was slain by Forsaken
[17Feb2025 00:06:10.626] [Server thread/INFO] [net.minecraft.server.MinecraftServer/]: PhantomThief1210 has completed the challenge [Demonslayer]
[17Feb2025 00:06:18.304] [Server thread/WARN] [net.minecraft.server.network.ServerGamePacketListenerImpl/]: MazeHero547 moved wrongly!
[17Feb2025 00:06:57.675] [Server thread/INFO] [net.minecraft.server.MinecraftServer/]: MazeHero547 had their ears melted by Forsaken
[17Feb2025 00:07:09.475] [Server thread/INFO] [net.minecraft.server.MinecraftServer/]: PhantomThief1210 was slain by Forsaken
[17Feb2025 00:07:34.076] [Server thread/INFO] [net.minecraft.server.MinecraftServer/]: MazeHero547 was slain by Forsaken
[17Feb2025 00:08:17.629] [Server thread/INFO] [net.minecraft.server.MinecraftServer/]: MazeHero547 has completed the challenge [Demonslayer]
[17Feb2025 00:09:16.781] [Server thread/INFO] [net.minecraft.server.MinecraftServer/]: [MazeHero547: Set own game mode to Creative Mode]
[17Feb2025 00:09:30.080] [Server thread/INFO] [net.minecraft.server.MinecraftServer/]: MazeHero547 has made the advancement [Got Lamps?]
[17Feb2025 00:09:31.333] [Server thread/INFO] [net.minecraft.server.MinecraftServer/]: PhantomThief1210 has made the advancement [Got Lamps?]
[17Feb2025 00:09:35.279] [Server thread/INFO] [net.minecraft.server.MinecraftServer/]: [MazeHero547: Set own game mode to Survival Mode]
[17Feb2025 00:12:48.366] [Server thread/INFO] [net.minecraft.server.MinecraftServer/]: PhantomThief1210 has made the advancement [Black Velvet]
[17Feb2025 00:18:21.552] [Server thread/INFO] [net.minecraft.server.MinecraftServer/]: MazeHero547 has made the advancement [Black Velvet]
[17Feb2025 00:18:34.990] [Server thread/INFO] [net.minecraft.server.MinecraftServer/]: [MazeHero547: Set own game mode to Creative Mode]
[17Feb2025 00:18:58.344] [Server thread/INFO] [net.minecraft.server.MinecraftServer/]: [MazeHero547: Set own game mode to Adventure Mode]
[17Feb2025 00:19:08.541] [Server thread/INFO] [net.minecraft.server.MinecraftServer/]: MazeHero547 was slain by Underzealot
[17Feb2025 00:19:11.778] [Server thread/INFO] [net.minecraft.server.MinecraftServer/]: PhantomThief1210 was slain by Underzealot
[17Feb2025 00:19:42.228] [Server thread/INFO] [net.minecraft.server.MinecraftServer/]: MazeHero547 has made the advancement [Knives Out]
[17Feb2025 00:20:00.703] [Server thread/INFO] [net.minecraft.server.MinecraftServer/]: [MazeHero547: Set own game mode to Creative Mode]
[17Feb2025 00:20:43.239] [Server thread/INFO] [net.minecraft.server.MinecraftServer/]: PhantomThief1210 was slain by Underzealot
[17Feb2025 00:20:59.637] [Server thread/INFO] [net.minecraft.server.MinecraftServer/]: [MazeHero547: Set own game mode to Adventure Mode]
[17Feb2025 00:21:11.628] [Server thread/INFO] [net.minecraft.server.MinecraftServer/]: PhantomThief1210 was slain by Underzealot
[17Feb2025 00:22:19.814] [Server thread/INFO] [net.minecraft.server.MinecraftServer/]: [MazeHero547: Set own game mode to Creative Mode]
[17Feb2025 00:26:58.242] [Server thread/INFO] [net.minecraft.server.MinecraftServer/]: PhantomThief1210 has made the advancement [Chattering Teeth]
[17Feb2025 00:31:15.090] [Server thread/INFO] [net.minecraft.server.MinecraftServer/]: [MazeHero547: Set own game mode to Adventure Mode]
[17Feb2025 00:31:18.450] [Server thread/INFO] [net.minecraft.server.MinecraftServer/]: [MazeHero547: Set own game mode to Creative Mode]
[17Feb2025 00:31:20.017] [Server thread/INFO] [net.minecraft.server.MinecraftServer/]: [MazeHero547: Set own game mode to Survival Mode]
[17Feb2025 00:35:31.596] [Server thread/INFO] [net.minecraft.server.MinecraftServer/]: [MazeHero547: Set own game mode to Creative Mode]
[17Feb2025 00:35:37.897] [Server thread/INFO] [net.minecraft.server.MinecraftServer/]: PhantomThief1210 was shot by Skeleton
[17Feb2025 00:35:41.400] [Server thread/INFO] [net.minecraft.server.MinecraftServer/]: MazeHero547 has reached the goal [Blot Out The Sun]
[17Feb2025 00:35:47.400] [Server thread/INFO] [net.minecraft.server.MinecraftServer/]: MazeHero547 has made the advancement [Paint It Black]
[17Feb2025 00:36:01.038] [Server thread/INFO] [net.minecraft.server.MinecraftServer/]: [MazeHero547: Set own game mode to Survival Mode]
[17Feb2025 00:36:13.772] [Server thread/INFO] [net.minecraft.server.MinecraftServer/]: MazeHero547 has made the advancement [Chattering Teeth]
[17Feb2025 00:36:33.847] [Server thread/INFO] [net.minecraft.server.MinecraftServer/]: [MazeHero547: Set own game mode to Creative Mode]
[17Feb2025 00:36:36.949] [Server thread/INFO] [net.minecraft.server.MinecraftServer/]: [MazeHero547: Set own game mode to Survival Mode]
[17Feb2025 00:36:47.278] [Server thread/INFO] [net.minecraft.server.MinecraftServer/]: [Not Secure] <PhantomThief1210> [name:"xp prob", x:4617, y:21, z:1385, dim:minecraft:overworld]
[17Feb2025 00:39:15.716] [Server thread/INFO] [net.minecraft.server.MinecraftServer/]: [MazeHero547: Set own game mode to Creative Mode]
[17Feb2025 00:40:02.443] [Server thread/INFO] [net.minecraft.server.MinecraftServer/]: [MazeHero547: Set own game mode to Survival Mode]
[17Feb2025 00:41:57.387] [Server thread/INFO] [net.minecraft.server.MinecraftServer/]: [MazeHero547: Set own game mode to Creative Mode]
[17Feb2025 00:42:00.785] [Server thread/INFO] [net.minecraft.server.MinecraftServer/]: [MazeHero547: Set own game mode to Survival Mode]
[17Feb2025 00:44:39.405] [Server thread/INFO] [net.minecraft.server.MinecraftServer/]: [MazeHero547: Set own game mode to Creative Mode]
[17Feb2025 00:44:40.248] [Server thread/INFO] [net.minecraft.server.MinecraftServer/]: [MazeHero547: Set own game mode to Survival Mode]
[17Feb2025 00:44:42.736] [Server thread/INFO] [net.minecraft.server.MinecraftServer/]: [MazeHero547: Set own game mode to Creative Mode]
[17Feb2025 00:44:45.988] [Server thread/INFO] [net.minecraft.server.MinecraftServer/]: [MazeHero547: Set own game mode to Survival Mode]
[17Feb2025 00:45:26.707] [Server thread/INFO] [net.minecraft.server.MinecraftServer/]: [MazeHero547: Set own game mode to Creative Mode]
[17Feb2025 00:45:33.114] [Server thread/INFO] [net.minecraft.server.MinecraftServer/]: [MazeHero547: Set own game mode to Survival Mode]
[17Feb2025 00:47:37.754] [Server thread/INFO] [net.minecraft.server.MinecraftServer/]: [MazeHero547: Set own game mode to Creative Mode]
[17Feb2025 00:47:38.618] [Server thread/INFO] [net.minecraft.server.MinecraftServer/]: [MazeHero547: Set own game mode to Survival Mode]
[17Feb2025 00:47:40.691] [Server thread/INFO] [net.minecraft.server.MinecraftServer/]: [MazeHero547: Set own game mode to Creative Mode]
[17Feb2025 00:49:00.492] [Server thread/INFO] [net.minecraft.server.MinecraftServer/]: [MazeHero547: Set own game mode to Survival Mode]
[17Feb2025 00:49:27.991] [Server thread/INFO] [net.minecraft.server.MinecraftServer/]: [MazeHero547: Set own game mode to Creative Mode]
[17Feb2025 00:51:48.940] [Server thread/INFO] [net.minecraft.server.MinecraftServer/]: [MazeHero547: Set own game mode to Survival Mode]
[17Feb2025 00:51:52.687] [Server thread/INFO] [net.minecraft.server.MinecraftServer/]: [MazeHero547: Set own game mode to Creative Mode]
[17Feb2025 00:51:57.567] [Server thread/INFO] [net.minecraft.server.MinecraftServer/]: [MazeHero547: Set own game mode to Survival Mode]
